
led.elf:     format de fichier elf32-avr

Sections :
Idx Nom           Taille    VMA       LMA       Fich off  Algn
  0 .data         00000002  00800100  0000012c  000001a0  2**0
                  CONTENTS, ALLOC, LOAD, DATA
  1 .text         0000012c  00000000  00000000  00000074  2**1
                  CONTENTS, ALLOC, LOAD, READONLY, CODE
  2 .comment      00000011  00000000  00000000  000001a2  2**0
                  CONTENTS, READONLY
  3 .note.gnu.avr.deviceinfo 00000040  00000000  00000000  000001b4  2**2
                  CONTENTS, READONLY

Déassemblage de la section .text :

00000000 <__vectors>:
   0:	0c 94 34 00 	jmp	0x68	; 0x68 <__ctors_end>
   4:	0c 94 49 00 	jmp	0x92	; 0x92 <__bad_interrupt>
   8:	0c 94 49 00 	jmp	0x92	; 0x92 <__bad_interrupt>
   c:	0c 94 49 00 	jmp	0x92	; 0x92 <__bad_interrupt>
  10:	0c 94 49 00 	jmp	0x92	; 0x92 <__bad_interrupt>
  14:	0c 94 70 00 	jmp	0xe0	; 0xe0 <__vector_5>
  18:	0c 94 49 00 	jmp	0x92	; 0x92 <__bad_interrupt>
  1c:	0c 94 49 00 	jmp	0x92	; 0x92 <__bad_interrupt>
  20:	0c 94 49 00 	jmp	0x92	; 0x92 <__bad_interrupt>
  24:	0c 94 49 00 	jmp	0x92	; 0x92 <__bad_interrupt>
  28:	0c 94 49 00 	jmp	0x92	; 0x92 <__bad_interrupt>
  2c:	0c 94 49 00 	jmp	0x92	; 0x92 <__bad_interrupt>
  30:	0c 94 49 00 	jmp	0x92	; 0x92 <__bad_interrupt>
  34:	0c 94 49 00 	jmp	0x92	; 0x92 <__bad_interrupt>
  38:	0c 94 49 00 	jmp	0x92	; 0x92 <__bad_interrupt>
  3c:	0c 94 49 00 	jmp	0x92	; 0x92 <__bad_interrupt>
  40:	0c 94 49 00 	jmp	0x92	; 0x92 <__bad_interrupt>
  44:	0c 94 49 00 	jmp	0x92	; 0x92 <__bad_interrupt>
  48:	0c 94 49 00 	jmp	0x92	; 0x92 <__bad_interrupt>
  4c:	0c 94 49 00 	jmp	0x92	; 0x92 <__bad_interrupt>
  50:	0c 94 49 00 	jmp	0x92	; 0x92 <__bad_interrupt>
  54:	0c 94 49 00 	jmp	0x92	; 0x92 <__bad_interrupt>
  58:	0c 94 49 00 	jmp	0x92	; 0x92 <__bad_interrupt>
  5c:	0c 94 49 00 	jmp	0x92	; 0x92 <__bad_interrupt>
  60:	0c 94 49 00 	jmp	0x92	; 0x92 <__bad_interrupt>
  64:	0c 94 49 00 	jmp	0x92	; 0x92 <__bad_interrupt>

00000068 <__ctors_end>:
  68:	11 24       	eor	r1, r1
  6a:	1f be       	out	0x3f, r1	; 63
  6c:	cf ef       	ldi	r28, 0xFF	; 255
  6e:	d8 e0       	ldi	r29, 0x08	; 8
  70:	de bf       	out	0x3e, r29	; 62
  72:	cd bf       	out	0x3d, r28	; 61

00000074 <__do_copy_data>:
  74:	11 e0       	ldi	r17, 0x01	; 1
  76:	a0 e0       	ldi	r26, 0x00	; 0
  78:	b1 e0       	ldi	r27, 0x01	; 1
  7a:	ec e2       	ldi	r30, 0x2C	; 44
  7c:	f1 e0       	ldi	r31, 0x01	; 1
  7e:	02 c0       	rjmp	.+4      	; 0x84 <__do_copy_data+0x10>
  80:	05 90       	lpm	r0, Z+
  82:	0d 92       	st	X+, r0
  84:	a2 30       	cpi	r26, 0x02	; 2
  86:	b1 07       	cpc	r27, r17
  88:	d9 f7       	brne	.-10     	; 0x80 <__do_copy_data+0xc>
  8a:	0e 94 8d 00 	call	0x11a	; 0x11a <main>
  8e:	0c 94 94 00 	jmp	0x128	; 0x128 <_exit>

00000092 <__bad_interrupt>:
  92:	0c 94 00 00 	jmp	0	; 0x0 <__vectors>

00000096 <init_boutons>:
  96:	8a b1       	in	r24, 0x0a	; 10
  98:	87 78       	andi	r24, 0x87	; 135
  9a:	8a b9       	out	0x0a, r24	; 10
  9c:	85 b1       	in	r24, 0x05	; 5
  9e:	88 67       	ori	r24, 0x78	; 120
  a0:	85 b9       	out	0x05, r24	; 5
  a2:	e8 e6       	ldi	r30, 0x68	; 104
  a4:	f0 e0       	ldi	r31, 0x00	; 0
  a6:	80 81       	ld	r24, Z
  a8:	84 60       	ori	r24, 0x04	; 4
  aa:	80 83       	st	Z, r24
  ac:	ed e6       	ldi	r30, 0x6D	; 109
  ae:	f0 e0       	ldi	r31, 0x00	; 0
  b0:	80 81       	ld	r24, Z
  b2:	88 67       	ori	r24, 0x78	; 120
  b4:	80 83       	st	Z, r24
  b6:	78 94       	sei
  b8:	08 95       	ret

000000ba <init_serial>:
  ba:	10 92 c5 00 	sts	0x00C5, r1	; 0x8000c5 <__TEXT_REGION_LENGTH__+0x7e00c5>
  be:	87 e6       	ldi	r24, 0x67	; 103
  c0:	80 93 c4 00 	sts	0x00C4, r24	; 0x8000c4 <__TEXT_REGION_LENGTH__+0x7e00c4>
  c4:	88 e0       	ldi	r24, 0x08	; 8
  c6:	80 93 c1 00 	sts	0x00C1, r24	; 0x8000c1 <__TEXT_REGION_LENGTH__+0x7e00c1>
  ca:	86 e0       	ldi	r24, 0x06	; 6
  cc:	80 93 c2 00 	sts	0x00C2, r24	; 0x8000c2 <__TEXT_REGION_LENGTH__+0x7e00c2>
  d0:	08 95       	ret

000000d2 <send_serial>:
  d2:	90 91 c0 00 	lds	r25, 0x00C0	; 0x8000c0 <__TEXT_REGION_LENGTH__+0x7e00c0>
  d6:	95 ff       	sbrs	r25, 5
  d8:	fc cf       	rjmp	.-8      	; 0xd2 <send_serial>
  da:	80 93 c6 00 	sts	0x00C6, r24	; 0x8000c6 <__TEXT_REGION_LENGTH__+0x7e00c6>
  de:	08 95       	ret

000000e0 <__vector_5>:
  e0:	1f 92       	push	r1
  e2:	0f 92       	push	r0
  e4:	0f b6       	in	r0, 0x3f	; 63
  e6:	0f 92       	push	r0
  e8:	11 24       	eor	r1, r1
  ea:	8f 93       	push	r24
  ec:	9f 93       	push	r25
  ee:	83 b1       	in	r24, 0x03	; 3
  f0:	90 91 00 01 	lds	r25, 0x0100	; 0x800100 <__data_start>
  f4:	89 27       	eor	r24, r25
  f6:	93 b1       	in	r25, 0x03	; 3
  f8:	90 93 00 01 	sts	0x0100, r25	; 0x800100 <__data_start>
  fc:	83 fd       	sbrc	r24, 3
  fe:	93 b1       	in	r25, 0x03	; 3
 100:	84 fd       	sbrc	r24, 4
 102:	93 b1       	in	r25, 0x03	; 3
 104:	85 fd       	sbrc	r24, 5
 106:	93 b1       	in	r25, 0x03	; 3
 108:	86 fd       	sbrc	r24, 6
 10a:	83 b1       	in	r24, 0x03	; 3
 10c:	9f 91       	pop	r25
 10e:	8f 91       	pop	r24
 110:	0f 90       	pop	r0
 112:	0f be       	out	0x3f, r0	; 63
 114:	0f 90       	pop	r0
 116:	1f 90       	pop	r1
 118:	18 95       	reti

0000011a <main>:
 11a:	0e 94 5d 00 	call	0xba	; 0xba <init_serial>
 11e:	0e 94 4b 00 	call	0x96	; 0x96 <init_boutons>
 122:	80 e0       	ldi	r24, 0x00	; 0
 124:	90 e0       	ldi	r25, 0x00	; 0
 126:	08 95       	ret

00000128 <_exit>:
 128:	f8 94       	cli

0000012a <__stop_program>:
 12a:	ff cf       	rjmp	.-2      	; 0x12a <__stop_program>
